<?xml version="1.0" encoding="UTF-8"?>
<testsuites name="jest tests" tests="4" failures="4" time="5.512">
  <testsuite name="undefined" errors="0" failures="4" skipped="0" timestamp="2020-12-27T10:33:47" time="4.816" tests="4">
    <testcase classname=" initial UI is rendered as expected" name=" initial UI is rendered as expected" time="0.035">
      <failure>Error: expect(received).toHaveLength(expected)

Expected length: 0
Received length: 1
Received object: [&lt;li class=&quot;slide-up-fade-in py-10&quot; /&gt;]
    at Object.&lt;anonymous&gt; (/projects/challenge/src/App.test.js:18:47)
    at Object.asyncJestTest (/projects/challenge/node_modules/jest-jasmine2/build/jasmineAsyncInstall.js:102:37)
    at /projects/challenge/node_modules/jest-jasmine2/build/queueRunner.js:43:12
    at new Promise (&lt;anonymous&gt;)
    at mapper (/projects/challenge/node_modules/jest-jasmine2/build/queueRunner.js:26:19)
    at /projects/challenge/node_modules/jest-jasmine2/build/queueRunner.js:73:41</failure>
    </testcase>
    <testcase classname=" search is made on by clicking on search button and no results found" name=" search is made on by clicking on search button and no results found" time="1.021">
      <failure>Error: expect(received).toHaveLength(expected)

Expected length: 0
Received length: 1
Received object: [&lt;li class=&quot;slide-up-fade-in py-10&quot; /&gt;]

&lt;html&gt;
  &lt;head /&gt;
  &lt;body&gt;
    &lt;div&gt;
      &lt;div&gt;
        &lt;h8k-navbar
          header=&quot;Movie List&quot;
        /&gt;
        &lt;div
          class=&quot;layout-column align-items-center mt-50&quot;
        &gt;
          &lt;section
            class=&quot;layout-row align-items-center justify-content-center&quot;
          &gt;
            &lt;input
              class=&quot;large&quot;
              data-testid=&quot;app-input&quot;
              placeholder=&quot;Enter Year eg 2015&quot;
              type=&quot;number&quot;
            /&gt;
            &lt;button
              class=&quot;&quot;
              data-testid=&quot;submit-button&quot;
            &gt;
              Search
            &lt;/button&gt;
          &lt;/section&gt;
          &lt;ul
            class=&quot;mt-50 styled&quot;
            data-testid=&quot;movieList&quot;
          &gt;
            &lt;li
              class=&quot;slide-up-fade-in py-10&quot;
            /&gt;
          &lt;/ul&gt;
          &lt;div
            class=&quot;mt-50 slide-up-fade-in&quot;
            data-testid=&quot;no-result&quot;
          /&gt;
        &lt;/div&gt;
      &lt;/div&gt;
    &lt;/div&gt;
  &lt;/body&gt;
&lt;/html&gt;
    at /projects/challenge/src/App.test.js:36:32
    at runWithExpensiveErrorDiagnosticsDisabled (/projects/challenge/node_modules/@testing-library/dom/dist/config.js:51:12)
    at checkCallback (/projects/challenge/node_modules/@testing-library/dom/dist/wait-for.js:102:75)
    at Timeout.callback (/projects/challenge/node_modules/jest-environment-jsdom-fourteen/node_modules/jsdom/lib/jsdom/browser/Window.js:671:19)
    at listOnTimeout (internal/timers.js:554:17)
    at processTimers (internal/timers.js:497:7)</failure>
    </testcase>
    <testcase classname=" search is made on by clicking on search button and result found - test 1" name=" search is made on by clicking on search button and result found - test 1" time="1.009">
      <failure>Error: expect(received).toHaveLength(expected)

Expected length: 2
Received length: 1
Received object: [&lt;li class=&quot;slide-up-fade-in py-10&quot; /&gt;]

&lt;html&gt;
  &lt;head /&gt;
  &lt;body&gt;
    &lt;div&gt;
      &lt;div&gt;
        &lt;h8k-navbar
          header=&quot;Movie List&quot;
        /&gt;
        &lt;div
          class=&quot;layout-column align-items-center mt-50&quot;
        &gt;
          &lt;section
            class=&quot;layout-row align-items-center justify-content-center&quot;
          &gt;
            &lt;input
              class=&quot;large&quot;
              data-testid=&quot;app-input&quot;
              placeholder=&quot;Enter Year eg 2015&quot;
              type=&quot;number&quot;
            /&gt;
            &lt;button
              class=&quot;&quot;
              data-testid=&quot;submit-button&quot;
            &gt;
              Search
            &lt;/button&gt;
          &lt;/section&gt;
          &lt;ul
            class=&quot;mt-50 styled&quot;
            data-testid=&quot;movieList&quot;
          &gt;
            &lt;li
              class=&quot;slide-up-fade-in py-10&quot;
            /&gt;
          &lt;/ul&gt;
          &lt;div
            class=&quot;mt-50 slide-up-fade-in&quot;
            data-testid=&quot;no-result&quot;
          /&gt;
        &lt;/div&gt;
      &lt;/div&gt;
    &lt;/div&gt;
  &lt;/body&gt;
&lt;/html&gt;
    at /projects/challenge/src/App.test.js:56:32
    at runWithExpensiveErrorDiagnosticsDisabled (/projects/challenge/node_modules/@testing-library/dom/dist/config.js:51:12)
    at checkCallback (/projects/challenge/node_modules/@testing-library/dom/dist/wait-for.js:102:75)
    at Timeout.callback (/projects/challenge/node_modules/jest-environment-jsdom-fourteen/node_modules/jsdom/lib/jsdom/browser/Window.js:671:19)
    at listOnTimeout (internal/timers.js:554:17)
    at processTimers (internal/timers.js:497:7)</failure>
    </testcase>
    <testcase classname=" search is made on by clicking on search button and result found - test 2" name=" search is made on by clicking on search button and result found - test 2" time="1.009">
      <failure>Error: expect(received).toHaveLength(expected)

Expected length: 5
Received length: 1
Received object: [&lt;li class=&quot;slide-up-fade-in py-10&quot; /&gt;]

&lt;html&gt;
  &lt;head /&gt;
  &lt;body&gt;
    &lt;div&gt;
      &lt;div&gt;
        &lt;h8k-navbar
          header=&quot;Movie List&quot;
        /&gt;
        &lt;div
          class=&quot;layout-column align-items-center mt-50&quot;
        &gt;
          &lt;section
            class=&quot;layout-row align-items-center justify-content-center&quot;
          &gt;
            &lt;input
              class=&quot;large&quot;
              data-testid=&quot;app-input&quot;
              placeholder=&quot;Enter Year eg 2015&quot;
              type=&quot;number&quot;
            /&gt;
            &lt;button
              class=&quot;&quot;
              data-testid=&quot;submit-button&quot;
            &gt;
              Search
            &lt;/button&gt;
          &lt;/section&gt;
          &lt;ul
            class=&quot;mt-50 styled&quot;
            data-testid=&quot;movieList&quot;
          &gt;
            &lt;li
              class=&quot;slide-up-fade-in py-10&quot;
            /&gt;
          &lt;/ul&gt;
          &lt;div
            class=&quot;mt-50 slide-up-fade-in&quot;
            data-testid=&quot;no-result&quot;
          /&gt;
        &lt;/div&gt;
      &lt;/div&gt;
    &lt;/div&gt;
  &lt;/body&gt;
&lt;/html&gt;
    at /projects/challenge/src/App.test.js:77:32
    at runWithExpensiveErrorDiagnosticsDisabled (/projects/challenge/node_modules/@testing-library/dom/dist/config.js:51:12)
    at checkCallback (/projects/challenge/node_modules/@testing-library/dom/dist/wait-for.js:102:75)
    at Timeout.callback (/projects/challenge/node_modules/jest-environment-jsdom-fourteen/node_modules/jsdom/lib/jsdom/browser/Window.js:671:19)
    at listOnTimeout (internal/timers.js:554:17)
    at processTimers (internal/timers.js:497:7)</failure>
    </testcase>
  </testsuite>
</testsuites>